::1 GET /
::1 GET /static/css/main.86a5cafa.css
::1 GET /static/js/main.18581730.js
::1 GET /api/getFiles
::1 GET /favicon.ico
::1 GET /
::1 POST /api/upload
::1 GET /static/css/main.86a5cafa.css
::1 GET /static/js/main.18581730.js
::1 GET /api/getFiles
::1 GET /videos/1509774636691.jpg
::1 GET /
::1 POST /api/upload
::1 GET /static/css/main.86a5cafa.css
::1 GET /static/js/main.18581730.js
::1 GET /api/getFiles
::1 GET /videos/1509774636691.jpg
::1 GET /videos/1509774660795.jpg
::1 GET /videos/1509774636691.jpg
::1 GET /videos/1509774636691.jpg
::1 GET /
::1 POST /api/upload
::1 GET /static/css/main.86a5cafa.css
::1 GET /static/js/main.18581730.js
::1 GET /api/getFiles
::1 GET /videos/1509774636691.jpg
::1 GET /videos/1509774704530.jpg
::1 GET /videos/1509774660795.jpg
::1 GET /videos/1509774704530.jpg
::1 GET /videos/1509774704530.mp4
::1 GET /videos/1509774660795.mp4
::1 GET /videos/1509774636691.mp4
::1 GET /videos/1509774636691.jpg
::1 GET /videos/1509774660795.mp4
::1 GET /
::1 POST /api/upload
::1 GET /static/css/main.86a5cafa.css
::1 GET /static/js/main.18581730.js
::1 GET /
::1 GET /api/getFiles
::1 GET /static/css/main.86a5cafa.css
::1 GET /static/js/main.18581730.js
::1 GET /favicon.ico
::1 GET /
::1 GET /api/getFiles
::1 GET /static/css/main.86a5cafa.css
::1 GET /static/js/main.18581730.js
::1 GET /favicon.ico
::1 GET /
::1 GET /api/getFiles
::1 GET /static/css/main.86a5cafa.css
::1 GET /static/js/main.18581730.js
::1 GET /favicon.ico
::1 GET /
::1 GET /api/getFiles
::1 GET /static/css/main.86a5cafa.css
::1 GET /static/js/main.18581730.js
::1 GET /favicon.ico
::1 GET /static/css/main.86a5cafa.css
::1 GET /static/css/main.86a5cafa.css.map
::1 GET /
::1 GET /api/getFiles
::1 GET /static/css/main.86a5cafa.css
::1 GET /static/js/main.18581730.js
::1 GET /api/getFiles
::1 GET /static/css/main.86a5cafa.css.map
::1 GET /videos/1509774704530.jpg
::1 GET /videos/1509774729497.jpg
::1 GET /videos/1509774636691.jpg
::1 GET /videos/1509774660795.jpg
::1 GET /static/js/main.18581730.js.map
::1 GET /
::1 GET /static/css/main.86a5cafa.css
::1 GET /static/js/main.18581730.js
::1 GET /static/js/main.18581730.js.map
::1 GET /api/getFiles
::1 GET /videos/1509774704530.jpg
::1 GET /videos/1509774729497.jpg
::1 GET /videos/1509774636691.jpg
::1 GET /videos/1509774660795.jpg
::1 GET /static/css/main.86a5cafa.css.map
::1 GET /videos/1509774729497.mp4
